<?xml version="1.0" encoding="UTF-8"?>
<!-- Generated by org.testng.reporters.JUnitReportReporter -->
<testsuite hostname="Daylin_PC" failures="0" tests="1" name="runner.googleSearchRunner" time="8.034" errors="0" timestamp="2024-02-20T19:49:27 COT" skipped="0">
  <testcase classname="runner.googleSearchRunner" name="runScenario" time="8.034"/>
</testsuite> <!-- runner.googleSearchRunner -->
